<?xml version="1.0" encoding="UTF-8"?>
<coverage generated="1762595343859" clover="3.2.0">
  <project timestamp="1762595343859" name="All files">
    <metrics statements="28" coveredstatements="28" conditionals="17" coveredconditionals="15" methods="13" coveredmethods="13" elements="58" coveredelements="56" complexity="0" loc="28" ncloc="28" packages="6" files="6" classes="6"/>
    <package name="client.src.components">
      <metrics statements="5" coveredstatements="5" conditionals="8" coveredconditionals="8" methods="1" coveredmethods="1"/>
      <file name="Button.jsx" path="C:\Users\GOAT\Downloads\2025 PROJECTS\MERN\testing-and-debugging-ensuring-mern-app-reliability-john89000\client\src\components\Button.jsx">
        <metrics statements="5" coveredstatements="5" conditionals="8" coveredconditionals="8" methods="1" coveredmethods="1"/>
        <line num="3" count="1" type="cond" truecount="4" falsecount="0"/>
        <line num="4" count="12" type="stmt"/>
        <line num="5" count="12" type="stmt"/>
        <line num="6" count="12" type="cond" truecount="2" falsecount="0"/>
        <line num="8" count="12" type="stmt"/>
      </file>
    </package>
    <package name="client.src.hooks">
      <metrics statements="5" coveredstatements="5" conditionals="1" coveredconditionals="0" methods="6" coveredmethods="6"/>
      <file name="useCounter.js" path="C:\Users\GOAT\Downloads\2025 PROJECTS\MERN\testing-and-debugging-ensuring-mern-app-reliability-john89000\client\src\hooks\useCounter.js">
        <metrics statements="5" coveredstatements="5" conditionals="1" coveredconditionals="0" methods="6" coveredmethods="6"/>
        <line num="4" count="4" type="stmt"/>
        <line num="6" count="4" type="stmt"/>
        <line num="7" count="4" type="stmt"/>
        <line num="8" count="4" type="stmt"/>
        <line num="10" count="4" type="stmt"/>
      </file>
    </package>
    <package name="client.src.reducers">
      <metrics statements="8" coveredstatements="8" conditionals="6" coveredconditionals="5" methods="1" coveredmethods="1"/>
      <file name="counter.js" path="C:\Users\GOAT\Downloads\2025 PROJECTS\MERN\testing-and-debugging-ensuring-mern-app-reliability-john89000\client\src\reducers\counter.js">
        <metrics statements="8" coveredstatements="8" conditionals="6" coveredconditionals="5" methods="1" coveredmethods="1"/>
        <line num="1" count="1" type="stmt"/>
        <line num="2" count="1" type="stmt"/>
        <line num="3" count="1" type="stmt"/>
        <line num="6" count="4" type="cond" truecount="4" falsecount="0"/>
        <line num="8" count="1" type="stmt"/>
        <line num="10" count="1" type="stmt"/>
        <line num="12" count="1" type="stmt"/>
        <line num="14" count="1" type="stmt"/>
      </file>
    </package>
    <package name="client.src.utils">
      <metrics statements="2" coveredstatements="2" conditionals="0" coveredconditionals="0" methods="2" coveredmethods="2"/>
      <file name="math.js" path="C:\Users\GOAT\Downloads\2025 PROJECTS\MERN\testing-and-debugging-ensuring-mern-app-reliability-john89000\client\src\utils\math.js">
        <metrics statements="2" coveredstatements="2" conditionals="0" coveredconditionals="0" methods="2" coveredmethods="2"/>
        <line num="2" count="2" type="stmt"/>
        <line num="6" count="2" type="stmt"/>
      </file>
    </package>
    <package name="server.src.middleware">
      <metrics statements="5" coveredstatements="5" conditionals="2" coveredconditionals="2" methods="1" coveredmethods="1"/>
      <file name="logger.js" path="C:\Users\GOAT\Downloads\2025 PROJECTS\MERN\testing-and-debugging-ensuring-mern-app-reliability-john89000\server\src\middleware\logger.js">
        <metrics statements="5" coveredstatements="5" conditionals="2" coveredconditionals="2" methods="1" coveredmethods="1"/>
        <line num="3" count="2" type="stmt"/>
        <line num="5" count="2" type="cond" truecount="2" falsecount="0"/>
        <line num="7" count="1" type="stmt"/>
        <line num="9" count="2" type="stmt"/>
        <line num="12" count="1" type="stmt"/>
      </file>
    </package>
    <package name="server.src.utils">
      <metrics statements="3" coveredstatements="3" conditionals="0" coveredconditionals="0" methods="2" coveredmethods="2"/>
      <file name="math.js" path="C:\Users\GOAT\Downloads\2025 PROJECTS\MERN\testing-and-debugging-ensuring-mern-app-reliability-john89000\server\src\utils\math.js">
        <metrics statements="3" coveredstatements="3" conditionals="0" coveredconditionals="0" methods="2" coveredmethods="2"/>
        <line num="2" count="1" type="stmt"/>
        <line num="6" count="1" type="stmt"/>
        <line num="9" count="1" type="stmt"/>
      </file>
    </package>
  </project>
</coverage>
