TN:
SF:client\src\components\Button.jsx
FN:3,(anonymous_0)
FNF:1
FNH:1
FNDA:12,(anonymous_0)
DA:3,1
DA:4,12
DA:5,12
DA:6,12
DA:8,12
LF:5
LH:5
BRDA:3,0,0,9
BRDA:3,1,0,9
BRDA:3,2,0,10
BRDA:3,3,0,11
BRDA:6,4,0,2
BRDA:6,4,1,10
BRDA:13,5,0,2
BRDA:13,5,1,10
BRF:8
BRH:8
end_of_record
TN:
SF:client\src\hooks\useCounter.js
FN:3,useCounter
FN:6,(anonymous_1)
FN:6,(anonymous_2)
FN:7,(anonymous_3)
FN:7,(anonymous_4)
FN:8,(anonymous_5)
FNF:6
FNH:6
FNDA:4,useCounter
FNDA:1,(anonymous_1)
FNDA:1,(anonymous_2)
FNDA:1,(anonymous_3)
FNDA:1,(anonymous_4)
FNDA:1,(anonymous_5)
DA:4,4
DA:6,4
DA:7,4
DA:8,4
DA:10,4
LF:5
LH:5
BRDA:3,0,0,0
BRF:1
BRH:0
end_of_record
TN:
SF:client\src\reducers\counter.js
FN:5,counter
FNF:1
FNH:1
FNDA:4,counter
DA:1,1
DA:2,1
DA:3,1
DA:6,4
DA:8,1
DA:10,1
DA:12,1
DA:14,1
LF:8
LH:8
BRDA:5,0,0,1
BRDA:5,1,0,0
BRDA:6,2,0,1
BRDA:6,2,1,1
BRDA:6,2,2,1
BRDA:6,2,3,1
BRF:6
BRH:5
end_of_record
TN:
SF:client\src\utils\math.js
FN:1,add
FN:5,subtract
FNF:2
FNH:2
FNDA:2,add
FNDA:2,subtract
DA:2,2
DA:6,2
LF:2
LH:2
BRF:0
BRH:0
end_of_record
TN:
SF:server\src\middleware\logger.js
FN:1,logger
FNF:1
FNH:1
FNDA:2,logger
DA:3,2
DA:5,2
DA:7,1
DA:9,2
DA:12,1
LF:5
LH:5
BRDA:5,0,0,1
BRDA:5,0,1,1
BRF:2
BRH:2
end_of_record
TN:
SF:server\src\utils\math.js
FN:1,add
FN:5,subtract
FNF:2
FNH:2
FNDA:1,add
FNDA:1,subtract
DA:2,1
DA:6,1
DA:9,1
LF:3
LH:3
BRF:0
BRH:0
end_of_record
